

Version:	3.12
CmdLine:	C:\Users\Kimmy\Desktop\Presentation\Project.exe --l4j-debug
WOW64:		yes
Working dir:	C:\Users\Kimmy\Desktop\Presentation\.
Java min ver:	1.007.000
Java max ver:	
64-bit search:	SOFTWARE\JavaSoft\Java Runtime Environment...
Check:		SOFTWARE\JavaSoft\Java Runtime Environment\1.7
Check launcher:	C:\Program Files\Java\jre7\bin\javaw.exe (OK)
Match:		1.007.000
Check:		SOFTWARE\JavaSoft\Java Runtime Environment\1.7.0_80
Check launcher:	C:\Program Files\Java\jre7\bin\javaw.exe (OK)
Match:		1.007.000_080
64-bit search:	SOFTWARE\JavaSoft\Java Development Kit...
Check:		SOFTWARE\JavaSoft\Java Development Kit\1.7
Ignore:		1.007.000
Check:		SOFTWARE\JavaSoft\Java Development Kit\1.7.0_80
Ignore:		1.007.000_080
64-bit search:	SOFTWARE\JavaSoft\JRE...
Check:		SOFTWARE\JavaSoft\JRE\10.0.1
Check launcher:	C:\Program Files\Java\jre-10.0.1\bin\javaw.exe (OK)
Match:		1.010.000_001
64-bit search:	SOFTWARE\JavaSoft\JDK...
Runtime used:	1.010.000_001 (64-bit)
Launcher:	C:\Program Files\Java\jre-10.0.1\bin\javaw.exe
Launcher args:	-jar "C:\Users\Kimmy\Desktop\Presentation\Project.exe"
Args length:	54/32768 chars
Exit code:	0


Version:	3.12
CmdLine:	C:\Users\Kimmy\Desktop\Program\Project.exe --l4j-debug
WOW64:		yes
Working dir:	C:\Users\Kimmy\Desktop\Program\.
Java min ver:	1.007.000
Java max ver:	
64-bit search:	SOFTWARE\JavaSoft\Java Runtime Environment...
Check:		SOFTWARE\JavaSoft\Java Runtime Environment\1.7
Check launcher:	C:\Program Files\Java\jre7\bin\javaw.exe (OK)
Match:		1.007.000
Check:		SOFTWARE\JavaSoft\Java Runtime Environment\1.7.0_80
Check launcher:	C:\Program Files\Java\jre7\bin\javaw.exe (OK)
Match:		1.007.000_080
64-bit search:	SOFTWARE\JavaSoft\Java Development Kit...
Check:		SOFTWARE\JavaSoft\Java Development Kit\1.7
Ignore:		1.007.000
Check:		SOFTWARE\JavaSoft\Java Development Kit\1.7.0_80
Ignore:		1.007.000_080
64-bit search:	SOFTWARE\JavaSoft\JRE...
Check:		SOFTWARE\JavaSoft\JRE\10.0.1
Check launcher:	C:\Program Files\Java\jre-10.0.1\bin\javaw.exe (OK)
Match:		1.010.000_001
64-bit search:	SOFTWARE\JavaSoft\JDK...
Runtime used:	1.010.000_001 (64-bit)
Launcher:	C:\Program Files\Java\jre-10.0.1\bin\javaw.exe
Launcher args:	-jar "C:\Users\Kimmy\Desktop\Program\Project.exe"
Args length:	49/32768 chars
Exit code:	0
